[debug] [2022-11-12T07:53:38.032Z] ----------------------------------------------------------------------
[debug] [2022-11-12T07:53:38.036Z] Command:       D:\Program Files\nodejs\node.exe D:\Program Files\nodejs\node_modules\firebase-tools\lib\bin\firebase.js init
[debug] [2022-11-12T07:53:38.037Z] CLI Version:   11.16.0
[debug] [2022-11-12T07:53:38.037Z] Platform:      win32
[debug] [2022-11-12T07:53:38.037Z] Node Version:  v16.13.1
[debug] [2022-11-12T07:53:38.039Z] Time:          Sat Nov 12 2022 02:53:38 GMT-0500 (Colombia Standard Time)
[debug] [2022-11-12T07:53:38.039Z] ----------------------------------------------------------------------
[debug] 
[debug] [2022-11-12T07:53:38.052Z] > command requires scopes: ["email","openid","https://www.googleapis.com/auth/cloudplatformprojects.readonly","https://www.googleapis.com/auth/firebase","https://www.googleapis.com/auth/cloud-platform"]
[debug] [2022-11-12T07:53:38.053Z] > authorizing via signed-in user (gabriel.arias.sh@gmail.com)
[info] 
     ######## #### ########  ######## ########     ###     ######  ########
     ##        ##  ##     ## ##       ##     ##  ##   ##  ##       ##
     ######    ##  ########  ######   ########  #########  ######  ######
     ##        ##  ##    ##  ##       ##     ## ##     ##       ## ##
     ##       #### ##     ## ######## ########  ##     ##  ######  ########

You're about to initialize a Firebase project in this directory:

  D:\KKK\projects\firebase-auth-article

[info] 
=== Project Setup
[info] 
[info] First, let's associate this project directory with a Firebase project.
[info] You can create multiple project aliases by running firebase use --add, 
[info] but for now we'll just set up a default project.
[info] 
[debug] [2022-11-12T07:54:12.099Z] >>> [apiv2][query] GET https://firebase.googleapis.com/v1beta1/projects pageSize=100
[debug] [2022-11-12T07:54:13.133Z] <<< [apiv2][status] GET https://firebase.googleapis.com/v1beta1/projects 200
[debug] [2022-11-12T07:54:13.133Z] <<< [apiv2][body] GET https://firebase.googleapis.com/v1beta1/projects [omitted]
[info] i  Using project react-firebase-auth-2a890 (react-firebase-auth) 
[info] 
=== Database Setup
[info] i  database: ensuring required API firebasedatabase.googleapis.com is enabled... 
[debug] [2022-11-12T07:54:14.881Z] >>> [apiv2][query] GET https://serviceusage.googleapis.com/v1/projects/react-firebase-auth-2a890/services/firebasedatabase.googleapis.com [none]
[debug] [2022-11-12T07:54:14.882Z] >>> [apiv2][(partial)header] GET https://serviceusage.googleapis.com/v1/projects/react-firebase-auth-2a890/services/firebasedatabase.googleapis.com x-goog-quota-user=projects/react-firebase-auth-2a890
[debug] [2022-11-12T07:54:16.279Z] <<< [apiv2][status] GET https://serviceusage.googleapis.com/v1/projects/react-firebase-auth-2a890/services/firebasedatabase.googleapis.com 200
[debug] [2022-11-12T07:54:16.280Z] <<< [apiv2][body] GET https://serviceusage.googleapis.com/v1/projects/react-firebase-auth-2a890/services/firebasedatabase.googleapis.com [omitted]
[info] +  database: required API firebasedatabase.googleapis.com is enabled 
[info] 
[debug] [2022-11-12T07:54:16.283Z] >>> [apiv2][query] GET https://firebasedatabase.googleapis.com/v1beta/projects/react-firebase-auth-2a890/locations/-/instances/react-firebase-auth-2a890-default-rtdb [none]
[debug] [2022-11-12T07:54:17.165Z] <<< [apiv2][status] GET https://firebasedatabase.googleapis.com/v1beta/projects/react-firebase-auth-2a890/locations/-/instances/react-firebase-auth-2a890-default-rtdb 200
[debug] [2022-11-12T07:54:17.165Z] <<< [apiv2][body] GET https://firebasedatabase.googleapis.com/v1beta/projects/react-firebase-auth-2a890/locations/-/instances/react-firebase-auth-2a890-default-rtdb {"name":"projects/962938388270/locations/us-central1/instances/react-firebase-auth-2a890-default-rtdb","project":"projects/962938388270","databaseUrl":"https://react-firebase-auth-2a890-default-rtdb.firebaseio.com","type":"DEFAULT_DATABASE","state":"ACTIVE"}
[info] 
[info] Firebase Realtime Database Security Rules allow you to define how your data should be
[info] structured and when your data can be read from and written to.
[info] 
[info] Skipping overwrite of Realtime Database Security Rules.
[info] The security rules defined in database.rules.json will be published when you run firebase deploy.
[info] 
=== Hosting Setup
[info] 
[info] Your public directory is the folder (relative to your project directory) that
[info] will contain Hosting assets to be uploaded with firebase deploy. If you
[info] have a build process for your assets, use your build's output directory.
[info] 
[info] +  Wrote public/404.html 
[debug] [2022-11-12T07:54:31.395Z] >>> [apiv2][query] GET https://www.gstatic.com/firebasejs/releases.json [none]
[debug] [2022-11-12T07:54:32.658Z] <<< [apiv2][status] GET https://www.gstatic.com/firebasejs/releases.json 200
[debug] [2022-11-12T07:54:32.659Z] <<< [apiv2][body] GET https://www.gstatic.com/firebasejs/releases.json {"current":{"version":"9.14.0","browserURL":"https://www.gstatic.com/firebasejs/9.14.0/firebase.js","packageURL":"https://www.gstatic.com/firebasejs/9.14.0/firebase.tgz"},"live":{"version":"9.14","browserURL":"https://www.gstatic.com/firebasejs/live/9.14/firebase.js","packageURL":"https://www.gstatic.com/firebasejs/live/9.14/firebase.tgz"},"components":{"analytics":"https://www.gstatic.com/firebasejs/9.14.0/firebase-analytics.js","app":"https://www.gstatic.com/firebasejs/9.14.0/firebase-app.js","app-check":"https://www.gstatic.com/firebasejs/9.14.0/firebase-app-check.js","auth":"https://www.gstatic.com/firebasejs/9.14.0/firebase-auth.js","auth/cordova":"https://www.gstatic.com/firebasejs/9.14.0/firebase-auth/cordova.js","auth/react-native":"https://www.gstatic.com/firebasejs/9.14.0/firebase-auth/react-native.js","functions":"https://www.gstatic.com/firebasejs/9.14.0/firebase-functions.js","firestore":"https://www.gstatic.com/firebasejs/9.14.0/firebase-firestore.js","firestore/lite":"https://www.gstatic.com/firebasejs/9.14.0/firebase-firestore/lite.js","installations":"https://www.gstatic.com/firebasejs/9.14.0/firebase-installations.js","storage":"https://www.gstatic.com/firebasejs/9.14.0/firebase-storage.js","performance":"https://www.gstatic.com/firebasejs/9.14.0/firebase-performance.js","remote-config":"https://www.gstatic.com/firebasejs/9.14.0/firebase-remote-config.js","messaging":"https://www.gstatic.com/firebasejs/9.14.0/firebase-messaging.js","messaging/sw":"https://www.gstatic.com/firebasejs/9.14.0/firebase-messaging/sw.js","database":"https://www.gstatic.com/firebasejs/9.14.0/firebase-database.js","firestore.memory":"https://www.gstatic.com/firebasejs/9.14.0/firebase-firestore.memory.js"}}
[info] +  Wrote public/index.html 
[info] 
[info] i  Detected a .git folder at D:\KKK\projects\firebase-auth-article 
[info] i  Authorizing with GitHub to upload your service account to a GitHub repository's secrets store. 
[info] 
[info] Visit this URL on this device to log in:
[info] https://github.com/login/oauth/authorize?client_id=89cf50f02ac6aaed3484&state=723276578&redirect_uri=http%3A%2F%2Flocalhost%3A9005&scope=read%3Auser%20repo%20public_repo
[info] 
[info] Waiting for authentication...
[debug] [2022-11-12T07:54:55.490Z] >>> [apiv2][query] POST https://github.com/login/oauth/access_token [none]
[debug] [2022-11-12T07:54:55.491Z] >>> [apiv2][body] POST https://github.com/login/oauth/access_token [stream]
[debug] [2022-11-12T07:54:56.703Z] <<< [apiv2][status] POST https://github.com/login/oauth/access_token 200
[debug] [2022-11-12T07:54:56.703Z] <<< [apiv2][body] POST https://github.com/login/oauth/access_token {"access_token":"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","token_type":"bearer","scope":"read:user,repo"}
[debug] [2022-11-12T07:54:56.785Z] >>> [apiv2][query] GET https://api.github.com/user [none]
[debug] [2022-11-12T07:54:57.937Z] <<< [apiv2][status] GET https://api.github.com/user 200
[debug] [2022-11-12T07:54:57.937Z] <<< [apiv2][body] GET https://api.github.com/user {"login":"topdev7","id":102268606,"node_id":"U_kgDOBhh-vg","avatar_url":"https://avatars.githubusercontent.com/u/102268606?v=4","gravatar_id":"","url":"https://api.github.com/users/topdev7","html_url":"https://github.com/topdev7","followers_url":"https://api.github.com/users/topdev7/followers","following_url":"https://api.github.com/users/topdev7/following{/other_user}","gists_url":"https://api.github.com/users/topdev7/gists{/gist_id}","starred_url":"https://api.github.com/users/topdev7/starred{/owner}{/repo}","subscriptions_url":"https://api.github.com/users/topdev7/subscriptions","organizations_url":"https://api.github.com/users/topdev7/orgs","repos_url":"https://api.github.com/users/topdev7/repos","events_url":"https://api.github.com/users/topdev7/events{/privacy}","received_events_url":"https://api.github.com/users/topdev7/received_events","type":"User","site_admin":false,"name":"TopDev","company":null,"blog":"","location":null,"email":null,"hireable":true,"bio":"Senior front-end developer, proficient in React, React Native, NextJS, Gatsby.","twitter_username":null,"public_repos":31,"public_gists":0,"followers":3,"following":17,"created_at":"2022-03-24T00:58:40Z","updated_at":"2022-09-24T09:06:40Z","private_gists":0,"total_private_repos":3,"owned_private_repos":2,"disk_usage":253362,"collaborators":0,"two_factor_authentication":false,"plan":{"name":"free","space":976562499,"collaborators":0,"private_repos":10000}}
[info] 
[info] +  Success! Logged into GitHub as topdev7 
[info] 
[debug] [2022-11-12T07:55:00.787Z] >>> [apiv2][query] GET https://api.github.com/repos//actions/secrets/public-key type=owner
[debug] [2022-11-12T07:55:01.687Z] >>> [apiv2][query] GET https://api.github.com/repos//actions/secrets/public-key type=owner
[debug] [2022-11-12T07:55:01.844Z] >>> [apiv2][query] GET https://api.github.com/repos//actions/secrets/public-key type=owner
[debug] [2022-11-12T07:55:02.233Z] <<< [apiv2][status] GET https://api.github.com/repos//actions/secrets/public-key 404
[debug] [2022-11-12T07:55:02.234Z] <<< [apiv2][body] GET https://api.github.com/repos//actions/secrets/public-key {"message":"Not Found","documentation_url":"https://docs.github.com/rest"}
[debug] [2022-11-12T07:55:02.717Z] <<< [apiv2][status] GET https://api.github.com/repos//actions/secrets/public-key 404
[debug] [2022-11-12T07:55:02.718Z] <<< [apiv2][body] GET https://api.github.com/repos//actions/secrets/public-key {"message":"Not Found","documentation_url":"https://docs.github.com/rest"}
[debug] [2022-11-12T07:55:03.652Z] <<< [apiv2][status] GET https://api.github.com/repos//actions/secrets/public-key 404
[debug] [2022-11-12T07:55:03.652Z] <<< [apiv2][body] GET https://api.github.com/repos//actions/secrets/public-key {"message":"Not Found","documentation_url":"https://docs.github.com/rest"}
[debug] [2022-11-12T07:55:07.807Z] >>> [apiv2][query] GET https://api.github.com/repos/y/actions/secrets/public-key type=owner
[debug] [2022-11-12T07:55:08.477Z] <<< [apiv2][status] GET https://api.github.com/repos/y/actions/secrets/public-key 404
[debug] [2022-11-12T07:55:08.478Z] <<< [apiv2][body] GET https://api.github.com/repos/y/actions/secrets/public-key {"message":"Not Found","documentation_url":"https://docs.github.com/rest"}
[debug] [2022-11-12T07:55:10.320Z] >>> [apiv2][query] GET https://api.github.com/repos/y/actions/secrets/public-key type=owner
[debug] [2022-11-12T07:55:11.045Z] <<< [apiv2][status] GET https://api.github.com/repos/y/actions/secrets/public-key 404
[debug] [2022-11-12T07:55:11.045Z] <<< [apiv2][body] GET https://api.github.com/repos/y/actions/secrets/public-key {"message":"Not Found","documentation_url":"https://docs.github.com/rest"}
